<?xml version="1.0" encoding="UTF-8"?>
<testng-results skipped="0" failed="0" ignored="0" total="0" passed="0">
  <reporter-output>
  </reporter-output>
  <suite name="Command line suite" duration-ms="15" started-at="2021-10-16T12:38:26 GMT+01:00" finished-at="2021-10-16T12:38:26 GMT+01:00">
    <groups>
    </groups>
    <test name="Command line test" duration-ms="15" started-at="2021-10-16T12:38:26 GMT+01:00" finished-at="2021-10-16T12:38:26 GMT+01:00">
    </test> <!-- Command line test -->
  </suite> <!-- Command line suite -->
</testng-results>
